<?xml version="1.0" encoding="UTF-8"?>
<!-- Generated by org.testng.reporters.JUnitXMLReporter -->
<testsuite hostname="Nas" ignored="3" name="Test" tests="1" failures="0" timestamp="20 Oct 2021 02:36:31 GMT" time="14.537" errors="0">
  <testcase name="verifyStepsForNewCustomerAuto" time="8.42" classname="com.statefarm.qa.test.insurance.auto.InitialQuotingAutoTest"/>
  <testcase name="secondTest" time="0.0" classname="com.statefarm.qa.test.insurance.auto.testTheTestClass">
    <ignored/>
  </testcase> <!-- secondTest -->
  <testcase name="thirdTest" time="0.0" classname="com.statefarm.qa.test.insurance.auto.testTheTestClass">
    <ignored/>
  </testcase> <!-- thirdTest -->
  <testcase name="aTest" time="0.0" classname="com.statefarm.qa.test.insurance.auto.testTheTestClass">
    <ignored/>
  </testcase> <!-- aTest -->
</testsuite> <!-- Test -->
