<?xml version="1.0" encoding="UTF-8"?>
<!-- Generated by org.testng.reporters.JUnitXMLReporter -->
<testsuite hostname="Nas" ignored="2" name="TestHome" tests="2" failures="1" timestamp="25 Oct 2021 01:54:54 GMT" time="23.125" errors="0">
  <testcase name="verifyLandingPageHome" time="0.481" classname="com.statefarm.qa.test.insurance.auto.InitialQuotingHomeOwnerTest"/>
  <testcase name="verifyStepsForExistingCustomerAutoValidCred" time="13.096" classname="com.statefarm.qa.test.insurance.auto.InitialQuotingAutoTest">
    <failure type="org.openqa.selenium.NoSuchElementException" message="Cannot locate an element using id=btnExisting
For documentation on this error, please visit: https://www.seleniumhq.org/exceptions/no_such_element.html
Build info: version: &amp;apos;3.141.59&amp;apos;, revision: &amp;apos;e82be7d358&amp;apos;, time: &amp;apos;2018-11-14T08:17:03&amp;apos;
System info: host: &amp;apos;NAS&amp;apos;, ip: &amp;apos;192.168.1.168&amp;apos;, os.name: &amp;apos;Windows 10&amp;apos;, os.arch: &amp;apos;amd64&amp;apos;, os.version: &amp;apos;10.0&amp;apos;, java.version: &amp;apos;1.8.0_181&amp;apos;
Driver info: driver.version: RemoteWebDriver">
      <![CDATA[org.openqa.selenium.NoSuchElementException: Cannot locate an element using id=btnExisting
For documentation on this error, please visit: https://www.seleniumhq.org/exceptions/no_such_element.html
Build info: version: '3.141.59', revision: 'e82be7d358', time: '2018-11-14T08:17:03'
System info: host: 'NAS', ip: '192.168.1.168', os.name: 'Windows 10', os.arch: 'amd64', os.version: '10.0', java.version: '1.8.0_181'
Driver info: driver.version: RemoteWebDriver
at org.openqa.selenium.remote.RemoteWebDriver.findElement(RemoteWebDriver.java:327)
at org.openqa.selenium.remote.RemoteWebDriver.findElementById(RemoteWebDriver.java:372)
at org.openqa.selenium.By$ById.findElement(By.java:188)
at org.openqa.selenium.remote.RemoteWebDriver.findElement(RemoteWebDriver.java:315)
at org.openqa.selenium.support.pagefactory.DefaultElementLocator.findElement(DefaultElementLocator.java:69)
at org.openqa.selenium.support.pagefactory.internal.LocatingElementHandler.invoke(LocatingElementHandler.java:38)
at com.sun.proxy.$Proxy10.click(Unknown Source)
at com.statefarm.qa.common.CommonMethods.click(CommonMethods.java:36)
at com.statefarm.qa.autoPages.Step1Page.step1PageExistingCustomerSteps(Step1Page.java:67)
at com.statefarm.qa.test.insurance.auto.InitialQuotingAutoTest.verifyStepsForExistingCustomerAutoValidCred(InitialQuotingAutoTest.java:44)
... Removed 25 stack frames]]>
    </failure>
  </testcase> <!-- verifyStepsForExistingCustomerAutoValidCred -->
  <testcase name="verifyFindAccountAuto" time="0.0" classname="com.statefarm.qa.test.insurance.auto.InitialQuotingAutoTest">
    <ignored/>
  </testcase> <!-- verifyFindAccountAuto -->
  <testcase name="verifyStepsForNewCustomerAuto" time="0.0" classname="com.statefarm.qa.test.insurance.auto.InitialQuotingAutoTest">
    <ignored/>
  </testcase> <!-- verifyStepsForNewCustomerAuto -->
</testsuite> <!-- TestHome -->
