<?xml version="1.0" encoding="UTF-8"?>
<!-- Generated by org.testng.reporters.JUnitXMLReporter -->
<testsuite hostname="Nas" ignored="0" name="Test" tests="1" failures="1" timestamp="12 Nov 2021 02:20:10 GMT" time="0.053" errors="0">
  <testcase name="sessionCheck" time="0.017" classname="com.statefarm.qa.test.insurance.auto.WebDriverSession">
    <failure type="java.lang.NullPointerException">
      <![CDATA[java.lang.NullPointerException
at com.statefarm.qa.test.insurance.auto.WebDriverSession.sessionCheck(WebDriverSession.java:13)
... Removed 25 stack frames]]>
    </failure>
  </testcase> <!-- sessionCheck -->
</testsuite> <!-- Test -->
