<?xml version="1.0" encoding="UTF-8"?>
<!-- Generated by org.testng.reporters.JUnitXMLReporter -->
<testsuite hostname="Nas" ignored="5" name="Test" tests="1" failures="0" timestamp="25 Oct 2021 01:50:05 GMT" time="12.58" errors="0">
  <testcase name="verifyStepsForExistingCustomerAutoValidCred" time="6.605" classname="com.statefarm.qa.test.insurance.auto.InitialQuotingAutoTest"/>
  <testcase name="secondTest" time="0.0" classname="com.statefarm.qa.test.insurance.auto.testTheTestClass">
    <ignored/>
  </testcase> <!-- secondTest -->
  <testcase name="thirdTest" time="0.0" classname="com.statefarm.qa.test.insurance.auto.testTheTestClass">
    <ignored/>
  </testcase> <!-- thirdTest -->
  <testcase name="verifyFindAccountAuto" time="0.0" classname="com.statefarm.qa.test.insurance.auto.InitialQuotingAutoTest">
    <ignored/>
  </testcase> <!-- verifyFindAccountAuto -->
  <testcase name="verifyStepsForNewCustomerAuto" time="0.0" classname="com.statefarm.qa.test.insurance.auto.InitialQuotingAutoTest">
    <ignored/>
  </testcase> <!-- verifyStepsForNewCustomerAuto -->
  <testcase name="aTest" time="0.0" classname="com.statefarm.qa.test.insurance.auto.testTheTestClass">
    <ignored/>
  </testcase> <!-- aTest -->
</testsuite> <!-- Test -->
