<?xml version="1.0" encoding="UTF-8"?>
<testng-results ignored="0" total="0" passed="0" failed="0" skipped="0">
  <reporter-output>
  </reporter-output>
  <suite started-at="2021-10-13T02:23:07Z" name="com.statefarm.qa.test.insurance.auto.initialQuotingTest" finished-at="2021-10-13T02:23:07Z" duration-ms="7">
    <groups>
    </groups>
    <test started-at="2021-10-13T02:23:07Z" name="Command line test" finished-at="2021-10-13T02:23:07Z" duration-ms="7">
    </test> <!-- Command line test -->
  </suite> <!-- com.statefarm.qa.test.insurance.auto.initialQuotingTest -->
</testng-results>
