<?xml version="1.0" encoding="UTF-8"?>
<testng-results ignored="4" total="6" passed="2" failed="0" skipped="0">
  <reporter-output>
  </reporter-output>
  <suite started-at="2021-10-20T02:58:53Z" name="Suite" finished-at="2021-10-20T02:58:57Z" duration-ms="4114">
    <groups>
      <group name="positive">
        <method signature="InitialQuotingHomeOwnerTest.verifyLandingPageHome(java.lang.String, int)[pri:0, instance:com.statefarm.qa.test.insurance.auto.InitialQuotingHomeOwnerTest@1b68b9a4]" name="verifyLandingPageHome" class="com.statefarm.qa.test.insurance.auto.InitialQuotingHomeOwnerTest"/>
      </group> <!-- positive -->
      <group name="home">
        <method signature="InitialQuotingHomeOwnerTest.verifyLandingPageHome(java.lang.String, int)[pri:0, instance:com.statefarm.qa.test.insurance.auto.InitialQuotingHomeOwnerTest@1b68b9a4]" name="verifyLandingPageHome" class="com.statefarm.qa.test.insurance.auto.InitialQuotingHomeOwnerTest"/>
      </group> <!-- home -->
    </groups>
    <test started-at="2021-10-20T02:58:53Z" name="TestHome" finished-at="2021-10-20T02:58:57Z" duration-ms="4114">
      <class name="com.statefarm.qa.test.insurance.auto.InitialQuotingHomeOwnerTest">
        <test-method is-config="true" signature="setUpDriver()[pri:0, instance:com.statefarm.qa.test.insurance.auto.InitialQuotingHomeOwnerTest@1b68b9a4]" started-at="2021-10-20T02:58:53Z" name="setUpDriver" finished-at="2021-10-20T02:58:57Z" duration-ms="3585" status="PASS">
          <reporter-output>
          </reporter-output>
        </test-method> <!-- setUpDriver -->
        <test-method is-config="true" signature="initializationOfPages()[pri:0, instance:com.statefarm.qa.test.insurance.auto.InitialQuotingHomeOwnerTest@1b68b9a4]" started-at="2021-10-20T02:58:57Z" name="initializationOfPages" finished-at="2021-10-20T02:58:57Z" duration-ms="1" status="PASS">
          <reporter-output>
          </reporter-output>
        </test-method> <!-- initializationOfPages -->
        <test-method signature="verifyLandingPageHome(java.lang.String, int)[pri:0, instance:com.statefarm.qa.test.insurance.auto.InitialQuotingHomeOwnerTest@1b68b9a4]" started-at="2021-10-20T02:58:57Z" name="verifyLandingPageHome" finished-at="2021-10-20T02:58:57Z" duration-ms="349" status="PASS">
          <params>
            <param index="0">
              <value>
                <![CDATA[Homeowners]]>
              </value>
            </param>
            <param index="1">
              <value>
                <![CDATA[11417]]>
              </value>
            </param>
          </params>
          <reporter-output>
          </reporter-output>
        </test-method> <!-- verifyLandingPageHome -->
        <test-method is-config="true" signature="tearDown()[pri:0, instance:com.statefarm.qa.test.insurance.auto.InitialQuotingHomeOwnerTest@1b68b9a4]" started-at="2021-10-20T02:58:57Z" name="tearDown" finished-at="2021-10-20T02:58:57Z" duration-ms="179" status="PASS">
          <reporter-output>
          </reporter-output>
        </test-method> <!-- tearDown -->
      </class> <!-- com.statefarm.qa.test.insurance.auto.InitialQuotingHomeOwnerTest -->
    </test> <!-- TestHome -->
  </suite> <!-- Suite -->
  <suite started-at="2021-10-20T02:58:41Z" name="testRunnerAuto" finished-at="2021-10-20T02:58:53Z" duration-ms="12509">
    <groups>
      <group name="auto">
        <method signature="InitialQuotingAutoTest.verifyStepsForNewCustomerAuto(java.lang.String, java.lang.String)[pri:0, instance:com.statefarm.qa.test.insurance.auto.InitialQuotingAutoTest@77be656f]" name="verifyStepsForNewCustomerAuto" class="com.statefarm.qa.test.insurance.auto.InitialQuotingAutoTest"/>
      </group> <!-- auto -->
      <group name="positive">
        <method signature="InitialQuotingAutoTest.verifyStepsForNewCustomerAuto(java.lang.String, java.lang.String)[pri:0, instance:com.statefarm.qa.test.insurance.auto.InitialQuotingAutoTest@77be656f]" name="verifyStepsForNewCustomerAuto" class="com.statefarm.qa.test.insurance.auto.InitialQuotingAutoTest"/>
      </group> <!-- positive -->
    </groups>
    <test started-at="2021-10-20T02:58:41Z" name="Test" finished-at="2021-10-20T02:58:53Z" duration-ms="12509">
      <class name="com.statefarm.qa.test.insurance.auto.InitialQuotingAutoTest">
        <test-method is-config="true" signature="setUpDriver()[pri:0, instance:com.statefarm.qa.test.insurance.auto.InitialQuotingAutoTest@77be656f]" started-at="2021-10-20T02:58:41Z" name="setUpDriver" finished-at="2021-10-20T02:58:45Z" duration-ms="4215" status="PASS">
          <reporter-output>
          </reporter-output>
        </test-method> <!-- setUpDriver -->
        <test-method is-config="true" signature="pageInitialization()[pri:0, instance:com.statefarm.qa.test.insurance.auto.InitialQuotingAutoTest@77be656f]" started-at="2021-10-20T02:58:45Z" name="pageInitialization" finished-at="2021-10-20T02:58:45Z" duration-ms="44" status="PASS">
          <reporter-output>
          </reporter-output>
        </test-method> <!-- pageInitialization -->
        <test-method signature="verifyStepsForNewCustomerAuto(java.lang.String, java.lang.String)[pri:0, instance:com.statefarm.qa.test.insurance.auto.InitialQuotingAutoTest@77be656f]" started-at="2021-10-20T02:58:45Z" name="verifyStepsForNewCustomerAuto" finished-at="2021-10-20T02:58:53Z" duration-ms="7954" status="PASS">
          <params>
            <param index="0">
              <value>
                <![CDATA[Auto]]>
              </value>
            </param>
            <param index="1">
              <value>
                <![CDATA[11418]]>
              </value>
            </param>
          </params>
          <reporter-output>
          </reporter-output>
        </test-method> <!-- verifyStepsForNewCustomerAuto -->
        <test-method is-config="true" signature="tearDown()[pri:0, instance:com.statefarm.qa.test.insurance.auto.InitialQuotingAutoTest@77be656f]" started-at="2021-10-20T02:58:53Z" name="tearDown" finished-at="2021-10-20T02:58:53Z" duration-ms="264" status="PASS">
          <reporter-output>
          </reporter-output>
        </test-method> <!-- tearDown -->
      </class> <!-- com.statefarm.qa.test.insurance.auto.InitialQuotingAutoTest -->
    </test> <!-- Test -->
  </suite> <!-- testRunnerAuto -->
</testng-results>
