<?xml version="1.0" encoding="UTF-8"?>
<testng-results ignored="8" total="12" passed="4" failed="0" skipped="0">
  <reporter-output>
  </reporter-output>
  <suite started-at="2021-11-03T00:24:24Z" name="Suite" finished-at="2021-11-03T00:24:31Z" duration-ms="6408">
    <groups>
      <group name="positive">
        <method signature="InitialQuotingHomeOwnerTest.verifyLandingPageHome(java.lang.String, int)[pri:0, instance:com.statefarm.qa.test.insurance.auto.InitialQuotingHomeOwnerTest@67e2d983]" name="verifyLandingPageHome" class="com.statefarm.qa.test.insurance.auto.InitialQuotingHomeOwnerTest"/>
      </group> <!-- positive -->
      <group name="home">
        <method signature="InitialQuotingHomeOwnerTest.verifyLandingPageHome(java.lang.String, int)[pri:0, instance:com.statefarm.qa.test.insurance.auto.InitialQuotingHomeOwnerTest@67e2d983]" name="verifyLandingPageHome" class="com.statefarm.qa.test.insurance.auto.InitialQuotingHomeOwnerTest"/>
      </group> <!-- home -->
    </groups>
    <test started-at="2021-11-03T00:24:24Z" name="TestHome" finished-at="2021-11-03T00:24:31Z" duration-ms="6408">
      <class name="com.statefarm.qa.test.insurance.auto.InitialQuotingHomeOwnerTest">
        <test-method is-config="true" signature="setUpDriver()[pri:0, instance:com.statefarm.qa.test.insurance.auto.InitialQuotingHomeOwnerTest@67e2d983]" started-at="2021-11-03T00:24:24Z" name="setUpDriver" finished-at="2021-11-03T00:24:30Z" duration-ms="5746" status="PASS">
          <reporter-output>
          </reporter-output>
        </test-method> <!-- setUpDriver -->
        <test-method is-config="true" signature="initializationOfPages()[pri:0, instance:com.statefarm.qa.test.insurance.auto.InitialQuotingHomeOwnerTest@67e2d983]" started-at="2021-11-03T00:24:30Z" name="initializationOfPages" finished-at="2021-11-03T00:24:30Z" duration-ms="1" status="PASS">
          <reporter-output>
          </reporter-output>
        </test-method> <!-- initializationOfPages -->
        <test-method signature="verifyLandingPageHome(java.lang.String, int)[pri:0, instance:com.statefarm.qa.test.insurance.auto.InitialQuotingHomeOwnerTest@67e2d983]" started-at="2021-11-03T00:24:30Z" name="verifyLandingPageHome" finished-at="2021-11-03T00:24:30Z" duration-ms="377" status="PASS">
          <params>
            <param index="0">
              <value>
                <![CDATA[Homeowners]]>
              </value>
            </param>
            <param index="1">
              <value>
                <![CDATA[11417]]>
              </value>
            </param>
          </params>
          <reporter-output>
          </reporter-output>
        </test-method> <!-- verifyLandingPageHome -->
        <test-method is-config="true" signature="tearDown()[pri:0, instance:com.statefarm.qa.test.insurance.auto.InitialQuotingHomeOwnerTest@67e2d983]" started-at="2021-11-03T00:24:30Z" name="tearDown" finished-at="2021-11-03T00:24:31Z" duration-ms="282" status="PASS">
          <reporter-output>
          </reporter-output>
        </test-method> <!-- tearDown -->
      </class> <!-- com.statefarm.qa.test.insurance.auto.InitialQuotingHomeOwnerTest -->
    </test> <!-- TestHome -->
  </suite> <!-- Suite -->
  <suite started-at="2021-11-03T00:23:43Z" name="testRunnerAuto" finished-at="2021-11-03T00:24:24Z" duration-ms="41027">
    <groups>
      <group name="auto">
        <method signature="InitialQuotingAutoTest.verifyStepsForNewCustomerAuto(com.statefarm.qa.data.Details)[pri:0, instance:com.statefarm.qa.test.insurance.auto.InitialQuotingAutoTest@51931956]" name="verifyStepsForNewCustomerAuto" class="com.statefarm.qa.test.insurance.auto.InitialQuotingAutoTest"/>
      </group> <!-- auto -->
      <group name="positive">
        <method signature="InitialQuotingAutoTest.verifyStepsForNewCustomerAuto(com.statefarm.qa.data.Details)[pri:0, instance:com.statefarm.qa.test.insurance.auto.InitialQuotingAutoTest@51931956]" name="verifyStepsForNewCustomerAuto" class="com.statefarm.qa.test.insurance.auto.InitialQuotingAutoTest"/>
      </group> <!-- positive -->
    </groups>
    <test started-at="2021-11-03T00:23:43Z" name="Test" finished-at="2021-11-03T00:24:24Z" duration-ms="41027">
      <class name="com.statefarm.qa.test.insurance.auto.InitialQuotingAutoTest">
        <test-method is-config="true" signature="setUpDriver()[pri:0, instance:com.statefarm.qa.test.insurance.auto.InitialQuotingAutoTest@51931956]" started-at="2021-11-03T00:23:43Z" name="setUpDriver" finished-at="2021-11-03T00:23:49Z" duration-ms="5533" status="PASS">
          <reporter-output>
          </reporter-output>
        </test-method> <!-- setUpDriver -->
        <test-method is-config="true" signature="pageInitialization()[pri:0, instance:com.statefarm.qa.test.insurance.auto.InitialQuotingAutoTest@51931956]" started-at="2021-11-03T00:23:49Z" name="pageInitialization" finished-at="2021-11-03T00:23:49Z" duration-ms="56" status="PASS">
          <reporter-output>
          </reporter-output>
        </test-method> <!-- pageInitialization -->
        <test-method signature="verifyStepsForNewCustomerAuto(com.statefarm.qa.data.Details)[pri:0, instance:com.statefarm.qa.test.insurance.auto.InitialQuotingAutoTest@51931956]" started-at="2021-11-03T00:23:49Z" name="verifyStepsForNewCustomerAuto" data-provider="personalDetails" finished-at="2021-11-03T00:23:58Z" duration-ms="9357" status="PASS">
          <params>
            <param index="0">
              <value>
                <![CDATA[com.statefarm.qa.data.Details@14ef2482]]>
              </value>
            </param>
          </params>
          <reporter-output>
          </reporter-output>
        </test-method> <!-- verifyStepsForNewCustomerAuto -->
        <test-method is-config="true" signature="tearDown()[pri:0, instance:com.statefarm.qa.test.insurance.auto.InitialQuotingAutoTest@51931956]" started-at="2021-11-03T00:23:58Z" name="tearDown" finished-at="2021-11-03T00:23:58Z" duration-ms="327" status="PASS">
          <reporter-output>
          </reporter-output>
        </test-method> <!-- tearDown -->
        <test-method is-config="true" signature="setUpDriver()[pri:0, instance:com.statefarm.qa.test.insurance.auto.InitialQuotingAutoTest@51931956]" started-at="2021-11-03T00:23:58Z" name="setUpDriver" finished-at="2021-11-03T00:24:02Z" duration-ms="3682" status="PASS">
          <reporter-output>
          </reporter-output>
        </test-method> <!-- setUpDriver -->
        <test-method is-config="true" signature="pageInitialization()[pri:0, instance:com.statefarm.qa.test.insurance.auto.InitialQuotingAutoTest@51931956]" started-at="2021-11-03T00:24:02Z" name="pageInitialization" finished-at="2021-11-03T00:24:02Z" duration-ms="1" status="PASS">
          <reporter-output>
          </reporter-output>
        </test-method> <!-- pageInitialization -->
        <test-method signature="verifyStepsForNewCustomerAuto(com.statefarm.qa.data.Details)[pri:0, instance:com.statefarm.qa.test.insurance.auto.InitialQuotingAutoTest@51931956]" started-at="2021-11-03T00:24:02Z" name="verifyStepsForNewCustomerAuto" data-provider="personalDetails" finished-at="2021-11-03T00:24:11Z" duration-ms="8638" status="PASS">
          <params>
            <param index="0">
              <value>
                <![CDATA[com.statefarm.qa.data.Details@65a48602]]>
              </value>
            </param>
          </params>
          <reporter-output>
          </reporter-output>
        </test-method> <!-- verifyStepsForNewCustomerAuto -->
        <test-method is-config="true" signature="tearDown()[pri:0, instance:com.statefarm.qa.test.insurance.auto.InitialQuotingAutoTest@51931956]" started-at="2021-11-03T00:24:11Z" name="tearDown" finished-at="2021-11-03T00:24:11Z" duration-ms="306" status="PASS">
          <reporter-output>
          </reporter-output>
        </test-method> <!-- tearDown -->
        <test-method is-config="true" signature="setUpDriver()[pri:0, instance:com.statefarm.qa.test.insurance.auto.InitialQuotingAutoTest@51931956]" started-at="2021-11-03T00:24:11Z" name="setUpDriver" finished-at="2021-11-03T00:24:15Z" duration-ms="3895" status="PASS">
          <reporter-output>
          </reporter-output>
        </test-method> <!-- setUpDriver -->
        <test-method is-config="true" signature="pageInitialization()[pri:0, instance:com.statefarm.qa.test.insurance.auto.InitialQuotingAutoTest@51931956]" started-at="2021-11-03T00:24:15Z" name="pageInitialization" finished-at="2021-11-03T00:24:15Z" duration-ms="0" status="PASS">
          <reporter-output>
          </reporter-output>
        </test-method> <!-- pageInitialization -->
        <test-method signature="verifyStepsForNewCustomerAuto(com.statefarm.qa.data.Details)[pri:0, instance:com.statefarm.qa.test.insurance.auto.InitialQuotingAutoTest@51931956]" started-at="2021-11-03T00:24:15Z" name="verifyStepsForNewCustomerAuto" data-provider="personalDetails" finished-at="2021-11-03T00:24:24Z" duration-ms="8781" status="PASS">
          <params>
            <param index="0">
              <value>
                <![CDATA[com.statefarm.qa.data.Details@75483843]]>
              </value>
            </param>
          </params>
          <reporter-output>
          </reporter-output>
        </test-method> <!-- verifyStepsForNewCustomerAuto -->
        <test-method is-config="true" signature="tearDown()[pri:0, instance:com.statefarm.qa.test.insurance.auto.InitialQuotingAutoTest@51931956]" started-at="2021-11-03T00:24:24Z" name="tearDown" finished-at="2021-11-03T00:24:24Z" duration-ms="415" status="PASS">
          <reporter-output>
          </reporter-output>
        </test-method> <!-- tearDown -->
      </class> <!-- com.statefarm.qa.test.insurance.auto.InitialQuotingAutoTest -->
    </test> <!-- Test -->
  </suite> <!-- testRunnerAuto -->
</testng-results>
