<?xml version="1.0" encoding="UTF-8"?>
<testng-results skipped="0" failed="0" ignored="0" total="1" passed="1">
  <reporter-output>
  </reporter-output>
  <suite name="Default suite" duration-ms="19613" started-at="2021-10-18T02:49:02Z" finished-at="2021-10-18T02:49:21Z">
    <groups>
    </groups>
    <test name="Default test" duration-ms="19613" started-at="2021-10-18T02:49:02Z" finished-at="2021-10-18T02:49:21Z">
      <class name="com.statefarm.qa.test.insurance.auto.InitialQuotingTest">
        <test-method status="PASS" signature="setUpDriver()[pri:0, instance:com.statefarm.qa.test.insurance.auto.InitialQuotingTest@5b275dab]" name="setUpDriver" is-config="true" duration-ms="4358" started-at="2021-10-18T02:49:02Z" finished-at="2021-10-18T02:49:06Z">
          <reporter-output>
          </reporter-output>
        </test-method> <!-- setUpDriver -->
        <test-method status="PASS" signature="pageInitialization()[pri:0, instance:com.statefarm.qa.test.insurance.auto.InitialQuotingTest@5b275dab]" name="pageInitialization" is-config="true" duration-ms="36" started-at="2021-10-18T02:49:06Z" finished-at="2021-10-18T02:49:06Z">
          <reporter-output>
          </reporter-output>
        </test-method> <!-- pageInitialization -->
        <test-method status="PASS" signature="verifyFindAccountAuto()[pri:0, instance:com.statefarm.qa.test.insurance.auto.InitialQuotingTest@5b275dab]" name="verifyFindAccountAuto" duration-ms="15194" started-at="2021-10-18T02:49:06Z" finished-at="2021-10-18T02:49:21Z">
          <reporter-output>
          </reporter-output>
        </test-method> <!-- verifyFindAccountAuto -->
        <test-method status="PASS" signature="tearDown()[pri:0, instance:com.statefarm.qa.test.insurance.auto.InitialQuotingTest@5b275dab]" name="tearDown" is-config="true" duration-ms="0" started-at="2021-10-18T02:49:21Z" finished-at="2021-10-18T02:49:21Z">
          <reporter-output>
          </reporter-output>
        </test-method> <!-- tearDown -->
      </class> <!-- com.statefarm.qa.test.insurance.auto.InitialQuotingTest -->
    </test> <!-- Default test -->
  </suite> <!-- Default suite -->
</testng-results>
