<?xml version="1.0" encoding="UTF-8"?>
<testng-results skipped="0" failed="0" ignored="5" total="8" passed="3">
  <reporter-output>
  </reporter-output>
  <suite name="testRunnerAuto" duration-ms="39971" started-at="2021-11-02T03:09:26Z" finished-at="2021-11-02T03:10:06Z">
    <groups>
      <group name="auto">
        <method signature="InitialQuotingAutoTest.verifyStepsForNewCustomerAuto(com.statefarm.qa.utils.Details)[pri:0, instance:com.statefarm.qa.test.insurance.auto.InitialQuotingAutoTest@1794d431]" name="verifyStepsForNewCustomerAuto" class="com.statefarm.qa.test.insurance.auto.InitialQuotingAutoTest"/>
      </group> <!-- auto -->
      <group name="positive">
        <method signature="InitialQuotingAutoTest.verifyStepsForNewCustomerAuto(com.statefarm.qa.utils.Details)[pri:0, instance:com.statefarm.qa.test.insurance.auto.InitialQuotingAutoTest@1794d431]" name="verifyStepsForNewCustomerAuto" class="com.statefarm.qa.test.insurance.auto.InitialQuotingAutoTest"/>
      </group> <!-- positive -->
    </groups>
    <test name="Test" duration-ms="39971" started-at="2021-11-02T03:09:26Z" finished-at="2021-11-02T03:10:06Z">
      <class name="com.statefarm.qa.test.insurance.auto.InitialQuotingAutoTest">
        <test-method status="PASS" signature="setUpDriver()[pri:0, instance:com.statefarm.qa.test.insurance.auto.InitialQuotingAutoTest@1794d431]" name="setUpDriver" is-config="true" duration-ms="6947" started-at="2021-11-02T03:09:26Z" finished-at="2021-11-02T03:09:33Z">
          <reporter-output>
          </reporter-output>
        </test-method> <!-- setUpDriver -->
        <test-method status="PASS" signature="pageInitialization()[pri:0, instance:com.statefarm.qa.test.insurance.auto.InitialQuotingAutoTest@1794d431]" name="pageInitialization" is-config="true" duration-ms="31" started-at="2021-11-02T03:09:33Z" finished-at="2021-11-02T03:09:33Z">
          <reporter-output>
          </reporter-output>
        </test-method> <!-- pageInitialization -->
        <test-method status="PASS" signature="verifyStepsForNewCustomerAuto(com.statefarm.qa.utils.Details)[pri:0, instance:com.statefarm.qa.test.insurance.auto.InitialQuotingAutoTest@1794d431]" name="verifyStepsForNewCustomerAuto" duration-ms="7867" started-at="2021-11-02T03:09:33Z" data-provider="personalDetails" finished-at="2021-11-02T03:09:41Z">
          <params>
            <param index="0">
              <value>
                <![CDATA[com.statefarm.qa.utils.Details@388ba540]]>
              </value>
            </param>
          </params>
          <reporter-output>
          </reporter-output>
        </test-method> <!-- verifyStepsForNewCustomerAuto -->
        <test-method status="PASS" signature="tearDown()[pri:0, instance:com.statefarm.qa.test.insurance.auto.InitialQuotingAutoTest@1794d431]" name="tearDown" is-config="true" duration-ms="731" started-at="2021-11-02T03:09:41Z" finished-at="2021-11-02T03:09:42Z">
          <reporter-output>
          </reporter-output>
        </test-method> <!-- tearDown -->
        <test-method status="PASS" signature="setUpDriver()[pri:0, instance:com.statefarm.qa.test.insurance.auto.InitialQuotingAutoTest@1794d431]" name="setUpDriver" is-config="true" duration-ms="3496" started-at="2021-11-02T03:09:42Z" finished-at="2021-11-02T03:09:45Z">
          <reporter-output>
          </reporter-output>
        </test-method> <!-- setUpDriver -->
        <test-method status="PASS" signature="pageInitialization()[pri:0, instance:com.statefarm.qa.test.insurance.auto.InitialQuotingAutoTest@1794d431]" name="pageInitialization" is-config="true" duration-ms="1" started-at="2021-11-02T03:09:45Z" finished-at="2021-11-02T03:09:45Z">
          <reporter-output>
          </reporter-output>
        </test-method> <!-- pageInitialization -->
        <test-method status="PASS" signature="verifyStepsForNewCustomerAuto(com.statefarm.qa.utils.Details)[pri:0, instance:com.statefarm.qa.test.insurance.auto.InitialQuotingAutoTest@1794d431]" name="verifyStepsForNewCustomerAuto" duration-ms="7903" started-at="2021-11-02T03:09:45Z" data-provider="personalDetails" finished-at="2021-11-02T03:09:53Z">
          <params>
            <param index="0">
              <value>
                <![CDATA[com.statefarm.qa.utils.Details@1e886a5b]]>
              </value>
            </param>
          </params>
          <reporter-output>
          </reporter-output>
        </test-method> <!-- verifyStepsForNewCustomerAuto -->
        <test-method status="PASS" signature="tearDown()[pri:0, instance:com.statefarm.qa.test.insurance.auto.InitialQuotingAutoTest@1794d431]" name="tearDown" is-config="true" duration-ms="700" started-at="2021-11-02T03:09:53Z" finished-at="2021-11-02T03:09:54Z">
          <reporter-output>
          </reporter-output>
        </test-method> <!-- tearDown -->
        <test-method status="PASS" signature="setUpDriver()[pri:0, instance:com.statefarm.qa.test.insurance.auto.InitialQuotingAutoTest@1794d431]" name="setUpDriver" is-config="true" duration-ms="3632" started-at="2021-11-02T03:09:54Z" finished-at="2021-11-02T03:09:58Z">
          <reporter-output>
          </reporter-output>
        </test-method> <!-- setUpDriver -->
        <test-method status="PASS" signature="pageInitialization()[pri:0, instance:com.statefarm.qa.test.insurance.auto.InitialQuotingAutoTest@1794d431]" name="pageInitialization" is-config="true" duration-ms="1" started-at="2021-11-02T03:09:58Z" finished-at="2021-11-02T03:09:58Z">
          <reporter-output>
          </reporter-output>
        </test-method> <!-- pageInitialization -->
        <test-method status="PASS" signature="verifyStepsForNewCustomerAuto(com.statefarm.qa.utils.Details)[pri:0, instance:com.statefarm.qa.test.insurance.auto.InitialQuotingAutoTest@1794d431]" name="verifyStepsForNewCustomerAuto" duration-ms="7871" started-at="2021-11-02T03:09:58Z" data-provider="personalDetails" finished-at="2021-11-02T03:10:06Z">
          <params>
            <param index="0">
              <value>
                <![CDATA[com.statefarm.qa.utils.Details@267bbe1a]]>
              </value>
            </param>
          </params>
          <reporter-output>
          </reporter-output>
        </test-method> <!-- verifyStepsForNewCustomerAuto -->
        <test-method status="PASS" signature="tearDown()[pri:0, instance:com.statefarm.qa.test.insurance.auto.InitialQuotingAutoTest@1794d431]" name="tearDown" is-config="true" duration-ms="747" started-at="2021-11-02T03:10:06Z" finished-at="2021-11-02T03:10:06Z">
          <reporter-output>
          </reporter-output>
        </test-method> <!-- tearDown -->
      </class> <!-- com.statefarm.qa.test.insurance.auto.InitialQuotingAutoTest -->
    </test> <!-- Test -->
  </suite> <!-- testRunnerAuto -->
</testng-results>
